0 info it worked if it ends with ok
1 verbose cli [ '/usr/bin/node', '/usr/bin/npm', 'install' ]
2 info using npm@3.5.2
3 info using node@v8.10.0
4 silly loadCurrentTree Starting
5 silly install loadCurrentTree
6 silly install readLocalPackageData
7 silly install normalizeTree
8 silly loadCurrentTree Finishing
9 silly loadIdealTree Starting
10 silly install loadIdealTree
11 silly cloneCurrentTree Starting
12 silly install cloneCurrentTreeToIdealTree
13 silly cloneCurrentTree Finishing
14 silly loadShrinkwrap Starting
15 silly install loadShrinkwrap
16 silly loadShrinkwrap Finishing
17 silly loadAllDepsIntoIdealTree Starting
18 silly install loadAllDepsIntoIdealTree
19 silly fetchNamedPackageData @babel/core
20 silly mapToRegistry name @babel/core
21 silly mapToRegistry scope (from package name) @babel
22 verbose mapToRegistry no registry URL found in name for scope @babel
23 silly mapToRegistry using default registry
24 silly mapToRegistry registry https://registry.npmjs.org/
25 silly mapToRegistry uri https://registry.npmjs.org/@babel%2fcore
26 silly fetchNamedPackageData @babel/node
27 silly mapToRegistry name @babel/node
28 silly mapToRegistry scope (from package name) @babel
29 verbose mapToRegistry no registry URL found in name for scope @babel
30 silly mapToRegistry using default registry
31 silly mapToRegistry registry https://registry.npmjs.org/
32 silly mapToRegistry uri https://registry.npmjs.org/@babel%2fnode
33 silly fetchNamedPackageData @babel/preset-env
34 silly mapToRegistry name @babel/preset-env
35 silly mapToRegistry scope (from package name) @babel
36 verbose mapToRegistry no registry URL found in name for scope @babel
37 silly mapToRegistry using default registry
38 silly mapToRegistry registry https://registry.npmjs.org/
39 silly mapToRegistry uri https://registry.npmjs.org/@babel%2fpreset-env
40 silly fetchNamedPackageData eslint
41 silly mapToRegistry name eslint
42 silly mapToRegistry using default registry
43 silly mapToRegistry registry https://registry.npmjs.org/
44 silly mapToRegistry uri https://registry.npmjs.org/eslint
45 silly fetchNamedPackageData eslint-config-airbnb-base
46 silly mapToRegistry name eslint-config-airbnb-base
47 silly mapToRegistry using default registry
48 silly mapToRegistry registry https://registry.npmjs.org/
49 silly mapToRegistry uri https://registry.npmjs.org/eslint-config-airbnb-base
50 silly fetchNamedPackageData eslint-plugin-import
51 silly mapToRegistry name eslint-plugin-import
52 silly mapToRegistry using default registry
53 silly mapToRegistry registry https://registry.npmjs.org/
54 silly mapToRegistry uri https://registry.npmjs.org/eslint-plugin-import
55 silly fetchNamedPackageData eslint-plugin-jest
56 silly mapToRegistry name eslint-plugin-jest
57 silly mapToRegistry using default registry
58 silly mapToRegistry registry https://registry.npmjs.org/
59 silly mapToRegistry uri https://registry.npmjs.org/eslint-plugin-jest
60 silly fetchNamedPackageData jest
61 silly mapToRegistry name jest
62 silly mapToRegistry using default registry
63 silly mapToRegistry registry https://registry.npmjs.org/
64 silly mapToRegistry uri https://registry.npmjs.org/jest
65 verbose request uri https://registry.npmjs.org/@babel%2fcore
66 verbose request no auth needed
67 info attempt registry request try #1 at 10:56:51 AM
68 verbose request id 27730fae83d1f716
69 http request GET https://registry.npmjs.org/@babel%2fcore
70 verbose request uri https://registry.npmjs.org/@babel%2fnode
71 verbose request no auth needed
72 info attempt registry request try #1 at 10:56:51 AM
73 http request GET https://registry.npmjs.org/@babel%2fnode
74 verbose request uri https://registry.npmjs.org/@babel%2fpreset-env
75 verbose request no auth needed
76 info attempt registry request try #1 at 10:56:51 AM
77 http request GET https://registry.npmjs.org/@babel%2fpreset-env
78 verbose request uri https://registry.npmjs.org/eslint
79 verbose request no auth needed
80 info attempt registry request try #1 at 10:56:51 AM
81 http request GET https://registry.npmjs.org/eslint
82 verbose request uri https://registry.npmjs.org/eslint-config-airbnb-base
83 verbose request no auth needed
84 info attempt registry request try #1 at 10:56:51 AM
85 http request GET https://registry.npmjs.org/eslint-config-airbnb-base
86 verbose request uri https://registry.npmjs.org/eslint-plugin-import
87 verbose request no auth needed
88 info attempt registry request try #1 at 10:56:51 AM
89 http request GET https://registry.npmjs.org/eslint-plugin-import
90 verbose request uri https://registry.npmjs.org/eslint-plugin-jest
91 verbose request no auth needed
92 info attempt registry request try #1 at 10:56:51 AM
93 http request GET https://registry.npmjs.org/eslint-plugin-jest
94 verbose request uri https://registry.npmjs.org/jest
95 verbose request no auth needed
96 info attempt registry request try #1 at 10:56:51 AM
97 http request GET https://registry.npmjs.org/jest
98 http 200 https://registry.npmjs.org/eslint-config-airbnb-base
99 verbose headers { date: 'Sat, 10 May 2025 10:56:51 GMT',
99 verbose headers   'content-type': 'application/json',
99 verbose headers   'transfer-encoding': 'chunked',
99 verbose headers   connection: 'keep-alive',
99 verbose headers   'cf-ray': '93d8e9934c430841-IAD',
99 verbose headers   'cf-cache-status': 'HIT',
99 verbose headers   'access-control-allow-origin': '*',
99 verbose headers   age: '150',
99 verbose headers   'cache-control': 'public, max-age=300',
99 verbose headers   etag: 'W/"98451d77b75f135ddab596ca2876f7a1"',
99 verbose headers   'last-modified': 'Fri, 08 Nov 2024 00:35:05 GMT',
99 verbose headers   vary: 'accept-encoding, accept',
99 verbose headers   'set-cookie':
99 verbose headers    [ '_cfuvid=TTt7uyuGKmmMCNtMHbhryUhPCVQcnM1M0gIeDPsa0t4-1746874611754-0.0.1.1-604800000; path=/; domain=.npmjs.org; HttpOnly; Secure; SameSite=None' ],
99 verbose headers   server: 'cloudflare',
99 verbose headers   'content-encoding': 'gzip' }
100 silly get cb [ 200,
100 silly get   { date: 'Sat, 10 May 2025 10:56:51 GMT',
100 silly get     'content-type': 'application/json',
100 silly get     'transfer-encoding': 'chunked',
100 silly get     connection: 'keep-alive',
100 silly get     'cf-ray': '93d8e9934c430841-IAD',
100 silly get     'cf-cache-status': 'HIT',
100 silly get     'access-control-allow-origin': '*',
100 silly get     age: '150',
100 silly get     'cache-control': 'public, max-age=300',
100 silly get     etag: 'W/"98451d77b75f135ddab596ca2876f7a1"',
100 silly get     'last-modified': 'Fri, 08 Nov 2024 00:35:05 GMT',
100 silly get     vary: 'accept-encoding, accept',
100 silly get     'set-cookie':
100 silly get      [ '_cfuvid=TTt7uyuGKmmMCNtMHbhryUhPCVQcnM1M0gIeDPsa0t4-1746874611754-0.0.1.1-604800000; path=/; domain=.npmjs.org; HttpOnly; Secure; SameSite=None' ],
100 silly get     server: 'cloudflare',
100 silly get     'content-encoding': 'gzip' } ]
101 verbose get saving eslint-config-airbnb-base to /root/.npm/registry.npmjs.org/eslint-config-airbnb-base/.cache.json
102 verbose makeDirectory /root/.npm creation not in flight; initializing
103 silly makeDirectory /root/.npm uid: 0 gid: 0
104 http 200 https://registry.npmjs.org/@babel%2fnode
105 verbose headers { date: 'Sat, 10 May 2025 10:56:51 GMT',
105 verbose headers   'content-type': 'application/json',
105 verbose headers   'transfer-encoding': 'chunked',
105 verbose headers   connection: 'keep-alive',
105 verbose headers   'cf-ray': '93d8e99348b5073e-IAD',
105 verbose headers   'cf-cache-status': 'HIT',
105 verbose headers   'access-control-allow-origin': '*',
105 verbose headers   age: '228',
105 verbose headers   'cache-control': 'public, max-age=300',
105 verbose headers   etag: 'W/"1030278b0df3ea752420f303be15c59b"',
105 verbose headers   'last-modified': 'Wed, 30 Apr 2025 15:08:34 GMT',
105 verbose headers   vary: 'accept-encoding, accept',
105 verbose headers   'set-cookie':
105 verbose headers    [ '_cfuvid=rLDEmS6Zw8TaU2l0PX9_mfw2EjyLI10zLmvoKl0tZPw-1746874611759-0.0.1.1-604800000; path=/; domain=.npmjs.org; HttpOnly; Secure; SameSite=None' ],
105 verbose headers   server: 'cloudflare',
105 verbose headers   'content-encoding': 'gzip' }
106 silly get cb [ 200,
106 silly get   { date: 'Sat, 10 May 2025 10:56:51 GMT',
106 silly get     'content-type': 'application/json',
106 silly get     'transfer-encoding': 'chunked',
106 silly get     connection: 'keep-alive',
106 silly get     'cf-ray': '93d8e99348b5073e-IAD',
106 silly get     'cf-cache-status': 'HIT',
106 silly get     'access-control-allow-origin': '*',
106 silly get     age: '228',
106 silly get     'cache-control': 'public, max-age=300',
106 silly get     etag: 'W/"1030278b0df3ea752420f303be15c59b"',
106 silly get     'last-modified': 'Wed, 30 Apr 2025 15:08:34 GMT',
106 silly get     vary: 'accept-encoding, accept',
106 silly get     'set-cookie':
106 silly get      [ '_cfuvid=rLDEmS6Zw8TaU2l0PX9_mfw2EjyLI10zLmvoKl0tZPw-1746874611759-0.0.1.1-604800000; path=/; domain=.npmjs.org; HttpOnly; Secure; SameSite=None' ],
106 silly get     server: 'cloudflare',
106 silly get     'content-encoding': 'gzip' } ]
107 verbose get saving @babel/node to /root/.npm/registry.npmjs.org/_40babel_252fnode/.cache.json
108 silly resolveWithNewModule eslint-config-airbnb-base@14.2.1 checking installable status
109 silly cache add args [ 'eslint-config-airbnb-base@^14.0.0', null ]
110 verbose cache add spec eslint-config-airbnb-base@^14.0.0
111 silly cache add parsed spec Result {
111 silly cache add   raw: 'eslint-config-airbnb-base@^14.0.0',
111 silly cache add   scope: null,
111 silly cache add   name: 'eslint-config-airbnb-base',
111 silly cache add   rawSpec: '^14.0.0',
111 silly cache add   spec: '>=14.0.0 <15.0.0',
111 silly cache add   type: 'range' }
112 silly addNamed eslint-config-airbnb-base@>=14.0.0 <15.0.0
113 verbose addNamed ">=14.0.0 <15.0.0" is a valid semver range for eslint-config-airbnb-base
114 silly addNameRange { name: 'eslint-config-airbnb-base',
114 silly addNameRange   range: '>=14.0.0 <15.0.0',
114 silly addNameRange   hasData: false }
115 silly mapToRegistry name eslint-config-airbnb-base
116 silly mapToRegistry using default registry
117 silly mapToRegistry registry https://registry.npmjs.org/
118 silly mapToRegistry uri https://registry.npmjs.org/eslint-config-airbnb-base
119 verbose addNameRange registry:https://registry.npmjs.org/eslint-config-airbnb-base not in flight; fetching
120 verbose stack Error: Missing required argument #1
120 verbose stack     at andLogAndFinish (/usr/share/npm/lib/fetch-package-metadata.js:31:3)
120 verbose stack     at fetchPackageMetadata (/usr/share/npm/lib/fetch-package-metadata.js:51:22)
120 verbose stack     at resolveWithNewModule (/usr/share/npm/lib/install/deps.js:456:12)
120 verbose stack     at /usr/share/npm/lib/install/deps.js:457:7
120 verbose stack     at /usr/share/npm/node_modules/iferr/index.js:13:50
120 verbose stack     at /usr/share/npm/lib/fetch-package-metadata.js:37:12
120 verbose stack     at addRequestedAndFinish (/usr/share/npm/lib/fetch-package-metadata.js:82:5)
120 verbose stack     at returnAndAddMetadata (/usr/share/npm/lib/fetch-package-metadata.js:117:7)
120 verbose stack     at pickVersionFromRegistryDocument (/usr/share/npm/lib/fetch-package-metadata.js:134:20)
120 verbose stack     at /usr/share/npm/node_modules/iferr/index.js:13:50
121 verbose cwd /alx-backend-javascript/0x00-ES6_basic
122 error Linux 5.4.0-1103-aws
123 error argv "/usr/bin/node" "/usr/bin/npm" "install"
124 error node v8.10.0
125 error npm  v3.5.2
126 error code EMISSINGARG
127 error typeerror Error: Missing required argument #1
127 error typeerror     at andLogAndFinish (/usr/share/npm/lib/fetch-package-metadata.js:31:3)
127 error typeerror     at fetchPackageMetadata (/usr/share/npm/lib/fetch-package-metadata.js:51:22)
127 error typeerror     at resolveWithNewModule (/usr/share/npm/lib/install/deps.js:456:12)
127 error typeerror     at /usr/share/npm/lib/install/deps.js:457:7
127 error typeerror     at /usr/share/npm/node_modules/iferr/index.js:13:50
127 error typeerror     at /usr/share/npm/lib/fetch-package-metadata.js:37:12
127 error typeerror     at addRequestedAndFinish (/usr/share/npm/lib/fetch-package-metadata.js:82:5)
127 error typeerror     at returnAndAddMetadata (/usr/share/npm/lib/fetch-package-metadata.js:117:7)
127 error typeerror     at pickVersionFromRegistryDocument (/usr/share/npm/lib/fetch-package-metadata.js:134:20)
127 error typeerror     at /usr/share/npm/node_modules/iferr/index.js:13:50
128 error typeerror This is an error with npm itself. Please report this error at:
128 error typeerror     <http://github.com/npm/npm/issues>
129 verbose exit [ 1, true ]
